<?xml version="1.0" encoding="UTF-8"?>
<testsuite xmlns:xsi="http://www.w3.org/2001/XMLSchema-instance" xsi:noNamespaceSchemaLocation="https://maven.apache.org/surefire/maven-surefire-plugin/xsd/surefire-test-report-3.0.xsd" version="3.0" name="TestSuite" time="103.285" tests="10" errors="0" skipped="0" failures="1">
  <properties>
[...]
</properties>
  <testcase name="testDeltaCarriersSearchPage" classname="hometest.Delta_AirlineHomeTest" time="3.212"/>
  <testcase name="testCheckNotifications" classname="hometest.Delta_AirlineHomeTest" time="3.774"/>
  <testcase name="testCheckFlightStatus" classname="hometest.Delta_AirlineHomeTest" time="5.2"/>
  <testcase name="testSearchButton" classname="hometest.Delta_AirlineHomeTest" time="3.037"/>
  <testcase name="testScrollDown" classname="hometest.Delta_AirlineHomeTest" time="32.327">
    <failure message="script timeout&#10;  (Session info: chrome=83.0.4103.97)&#10;Build info: version: &apos;3.141.59&apos;, revision: &apos;e82be7d358&apos;, time: &apos;2018-11-14T08:17:03&apos;&#10;System info: host: &apos;kahinas-MBP.fios-router.home&apos;, ip: &apos;fe80:0:0:0:1487:c375:8184:71ee%en0&apos;, os.name: &apos;Mac OS X&apos;, os.arch: &apos;x86_64&apos;, os.version: &apos;10.15.5&apos;, java.version: &apos;13.0.2&apos;&#10;Driver info: org.openqa.selenium.chrome.ChromeDriver&#10;Capabilities {acceptInsecureCerts: false, browserName: chrome, browserVersion: 83.0.4103.97, chrome: {chromedriverVersion: 83.0.4103.39 (ccbf011cb2d2b..., userDataDir: /var/folders/s2/jkfjw_0s03z...}, goog:chromeOptions: {debuggerAddress: localhost:49770}, javascriptEnabled: true, networkConnectionEnabled: false, pageLoadStrategy: normal, platform: MAC, platformName: MAC, proxy: Proxy(), setWindowRect: true, strictFileInteractability: false, timeouts: {implicit: 0, pageLoad: 300000, script: 30000}, unhandledPromptBehavior: dismiss and notify, webauthn:virtualAuthenticators: true}&#10;Session ID: d47a67ac55f030b8795b32bf2c8a729f" type="org.openqa.selenium.ScriptTimeoutException"><![CDATA[org.openqa.selenium.ScriptTimeoutException: 
script timeout
  (Session info: chrome=83.0.4103.97)
Build info: version: '3.141.59', revision: 'e82be7d358', time: '2018-11-14T08:17:03'
System info: host: 'kahinas-MBP.fios-router.home', ip: 'fe80:0:0:0:1487:c375:8184:71ee%en0', os.name: 'Mac OS X', os.arch: 'x86_64', os.version: '10.15.5', java.version: '13.0.2'
Driver info: org.openqa.selenium.chrome.ChromeDriver
Capabilities {acceptInsecureCerts: false, browserName: chrome, browserVersion: 83.0.4103.97, chrome: {chromedriverVersion: 83.0.4103.39 (ccbf011cb2d2b..., userDataDir: /var/folders/s2/jkfjw_0s03z...}, goog:chromeOptions: {debuggerAddress: localhost:49770}, javascriptEnabled: true, networkConnectionEnabled: false, pageLoadStrategy: normal, platform: MAC, platformName: MAC, proxy: Proxy(), setWindowRect: true, strictFileInteractability: false, timeouts: {implicit: 0, pageLoad: 300000, script: 30000}, unhandledPromptBehavior: dismiss and notify, webauthn:virtualAuthenticators: true}
Session ID: d47a67ac55f030b8795b32bf2c8a729f
	at hometest.Delta_AirlineHomeTest.testScrollDown(Delta_AirlineHomeTest.java:38)
]]></failure>
    <system-err><![CDATA[Starting ChromeDriver 83.0.4103.39 (ccbf011cb2d2b19b506d844400483861342c20cd-refs/branch-heads/4103@{#416}) on port 33866
Only local connections are allowed.
Please see https://chromedriver.chromium.org/security-considerations for suggestions on keeping ChromeDriver safe.
ChromeDriver was started successfully.
Jun 13, 2020 9:40:36 PM org.openqa.selenium.remote.ProtocolHandshake createSession
INFO: Detected dialect: W3C
]]></system-err>
  </testcase>
  <testcase name="testGetTextFromWebElements" classname="hometest.Delta_AirlineHomeTest" time="10.5"/>
  <testcase name="testUseMouseHover" classname="hometest.Delta_AirlineHomeTest" time="4.988"/>
  <testcase name="testHandleAlertPage" classname="hometest.Delta_AirlineHomeTest" time="1.159"/>
  <testcase name="testUseCheckBoxButton" classname="hometest.Delta_AirlineHomeTest" time="2.998"/>
  <testcase name="testReadDeltaLogoImage" classname="hometest.Delta_AirlineHomeTest" time="1.139"/>
</testsuite>